2016/06/13 23:32:30 [error] [exception.CHttpException.404] exception 'CHttpException' with message 'Unable to resolve the request "css/screen.css".' in C:\wamp\www\universidad\sw\siadcar\project\framework\web\CWebApplication.php:286
Stack trace:
#0 C:\wamp\www\universidad\sw\siadcar\project\framework\web\CWebApplication.php(141): CWebApplication->runController('css/screen.css')
#1 C:\wamp\www\universidad\sw\siadcar\project\framework\base\CApplication.php(184): CWebApplication->processRequest()
#2 C:\wamp\www\universidad\sw\siadcar\project\index.php(13): CApplication->run()
#3 {main}
REQUEST_URI=/universidad/sw/siadcar/project/css/screen.css
HTTP_REFERER=http://localhost/universidad/sw/siadcar/project/login
---
2016/06/13 23:32:30 [error] [exception.CHttpException.404] exception 'CHttpException' with message 'Unable to resolve the request "css/form.css".' in C:\wamp\www\universidad\sw\siadcar\project\framework\web\CWebApplication.php:286
Stack trace:
#0 C:\wamp\www\universidad\sw\siadcar\project\framework\web\CWebApplication.php(141): CWebApplication->runController('css/form.css')
#1 C:\wamp\www\universidad\sw\siadcar\project\framework\base\CApplication.php(184): CWebApplication->processRequest()
#2 C:\wamp\www\universidad\sw\siadcar\project\index.php(13): CApplication->run()
#3 {main}
REQUEST_URI=/universidad/sw/siadcar/project/css/form.css
HTTP_REFERER=http://localhost/universidad/sw/siadcar/project/login
---
2016/06/13 23:32:30 [error] [exception.CHttpException.404] exception 'CHttpException' with message 'Unable to resolve the request "css/main.css".' in C:\wamp\www\universidad\sw\siadcar\project\framework\web\CWebApplication.php:286
Stack trace:
#0 C:\wamp\www\universidad\sw\siadcar\project\framework\web\CWebApplication.php(141): CWebApplication->runController('css/main.css')
#1 C:\wamp\www\universidad\sw\siadcar\project\framework\base\CApplication.php(184): CWebApplication->processRequest()
#2 C:\wamp\www\universidad\sw\siadcar\project\index.php(13): CApplication->run()
#3 {main}
REQUEST_URI=/universidad/sw/siadcar/project/css/main.css
HTTP_REFERER=http://localhost/universidad/sw/siadcar/project/login
---
2016/06/13 23:32:30 [error] [exception.CHttpException.404] exception 'CHttpException' with message 'Unable to resolve the request "css/print.css".' in C:\wamp\www\universidad\sw\siadcar\project\framework\web\CWebApplication.php:286
Stack trace:
#0 C:\wamp\www\universidad\sw\siadcar\project\framework\web\CWebApplication.php(141): CWebApplication->runController('css/print.css')
#1 C:\wamp\www\universidad\sw\siadcar\project\framework\base\CApplication.php(184): CWebApplication->processRequest()
#2 C:\wamp\www\universidad\sw\siadcar\project\index.php(13): CApplication->run()
#3 {main}
REQUEST_URI=/universidad/sw/siadcar/project/css/print.css
HTTP_REFERER=http://localhost/universidad/sw/siadcar/project/login
---
2016/06/14 02:10:04 [error] [exception.CHttpException.404] exception 'CHttpException' with message 'Unable to resolve the request "css/screen.css".' in C:\wamp\www\universidad\sw\siadcar\project\framework\web\CWebApplication.php:286
Stack trace:
#0 C:\wamp\www\universidad\sw\siadcar\project\framework\web\CWebApplication.php(141): CWebApplication->runController('css/screen.css')
#1 C:\wamp\www\universidad\sw\siadcar\project\framework\base\CApplication.php(184): CWebApplication->processRequest()
#2 C:\wamp\www\universidad\sw\siadcar\project\index.php(13): CApplication->run()
#3 {main}
REQUEST_URI=/universidad/sw/siadcar/project/css/screen.css
HTTP_REFERER=http://localhost/universidad/sw/siadcar/project/index
---
2016/06/14 02:10:04 [error] [exception.CHttpException.404] exception 'CHttpException' with message 'Unable to resolve the request "css/print.css".' in C:\wamp\www\universidad\sw\siadcar\project\framework\web\CWebApplication.php:286
Stack trace:
#0 C:\wamp\www\universidad\sw\siadcar\project\framework\web\CWebApplication.php(141): CWebApplication->runController('css/print.css')
#1 C:\wamp\www\universidad\sw\siadcar\project\framework\base\CApplication.php(184): CWebApplication->processRequest()
#2 C:\wamp\www\universidad\sw\siadcar\project\index.php(13): CApplication->run()
#3 {main}
REQUEST_URI=/universidad/sw/siadcar/project/css/print.css
HTTP_REFERER=http://localhost/universidad/sw/siadcar/project/index
---
2016/06/14 02:10:04 [error] [exception.CHttpException.404] exception 'CHttpException' with message 'Unable to resolve the request "css/form.css".' in C:\wamp\www\universidad\sw\siadcar\project\framework\web\CWebApplication.php:286
Stack trace:
#0 C:\wamp\www\universidad\sw\siadcar\project\framework\web\CWebApplication.php(141): CWebApplication->runController('css/form.css')
#1 C:\wamp\www\universidad\sw\siadcar\project\framework\base\CApplication.php(184): CWebApplication->processRequest()
#2 C:\wamp\www\universidad\sw\siadcar\project\index.php(13): CApplication->run()
#3 {main}
REQUEST_URI=/universidad/sw/siadcar/project/css/form.css
HTTP_REFERER=http://localhost/universidad/sw/siadcar/project/index
---
2016/06/14 02:16:45 [error] [exception.CHttpException.404] exception 'CHttpException' with message 'Unable to resolve the request "images/users/defaul.png".' in C:\wamp\www\universidad\sw\siadcar\project\framework\web\CWebApplication.php:286
Stack trace:
#0 C:\wamp\www\universidad\sw\siadcar\project\framework\web\CWebApplication.php(141): CWebApplication->runController('images/users/de...')
#1 C:\wamp\www\universidad\sw\siadcar\project\framework\base\CApplication.php(184): CWebApplication->processRequest()
#2 C:\wamp\www\universidad\sw\siadcar\project\index.php(13): CApplication->run()
#3 {main}
REQUEST_URI=/universidad/sw/siadcar/project/images/users/defaul.png
HTTP_REFERER=http://localhost/universidad/sw/siadcar/project/index
---
2016/06/14 02:16:45 [error] [exception.CHttpException.404] exception 'CHttpException' with message 'Unable to resolve the request "images/test/profile.png".' in C:\wamp\www\universidad\sw\siadcar\project\framework\web\CWebApplication.php:286
Stack trace:
#0 C:\wamp\www\universidad\sw\siadcar\project\framework\web\CWebApplication.php(141): CWebApplication->runController('images/test/pro...')
#1 C:\wamp\www\universidad\sw\siadcar\project\framework\base\CApplication.php(184): CWebApplication->processRequest()
#2 C:\wamp\www\universidad\sw\siadcar\project\index.php(13): CApplication->run()
#3 {main}
REQUEST_URI=/universidad/sw/siadcar/project/images/test/profile.png
HTTP_REFERER=http://localhost/universidad/sw/siadcar/project/index
---
2016/06/14 02:17:08 [error] [exception.CHttpException.404] exception 'CHttpException' with message 'Unable to resolve the request "images/test/profile.png".' in C:\wamp\www\universidad\sw\siadcar\project\framework\web\CWebApplication.php:286
Stack trace:
#0 C:\wamp\www\universidad\sw\siadcar\project\framework\web\CWebApplication.php(141): CWebApplication->runController('images/test/pro...')
#1 C:\wamp\www\universidad\sw\siadcar\project\framework\base\CApplication.php(184): CWebApplication->processRequest()
#2 C:\wamp\www\universidad\sw\siadcar\project\index.php(13): CApplication->run()
#3 {main}
REQUEST_URI=/universidad/sw/siadcar/project/images/test/profile.png
HTTP_REFERER=http://localhost/universidad/sw/siadcar/project/index
---
2016/06/14 02:17:08 [error] [exception.CHttpException.404] exception 'CHttpException' with message 'Unable to resolve the request "images/users/defaul.png".' in C:\wamp\www\universidad\sw\siadcar\project\framework\web\CWebApplication.php:286
Stack trace:
#0 C:\wamp\www\universidad\sw\siadcar\project\framework\web\CWebApplication.php(141): CWebApplication->runController('images/users/de...')
#1 C:\wamp\www\universidad\sw\siadcar\project\framework\base\CApplication.php(184): CWebApplication->processRequest()
#2 C:\wamp\www\universidad\sw\siadcar\project\index.php(13): CApplication->run()
#3 {main}
REQUEST_URI=/universidad/sw/siadcar/project/images/users/defaul.png
HTTP_REFERER=http://localhost/universidad/sw/siadcar/project/index
---
2016/06/14 02:17:55 [error] [exception.CHttpException.404] exception 'CHttpException' with message 'Unable to resolve the request "images/test/profile.png".' in C:\wamp\www\universidad\sw\siadcar\project\framework\web\CWebApplication.php:286
Stack trace:
#0 C:\wamp\www\universidad\sw\siadcar\project\framework\web\CWebApplication.php(141): CWebApplication->runController('images/test/pro...')
#1 C:\wamp\www\universidad\sw\siadcar\project\framework\base\CApplication.php(184): CWebApplication->processRequest()
#2 C:\wamp\www\universidad\sw\siadcar\project\index.php(13): CApplication->run()
#3 {main}
REQUEST_URI=/universidad/sw/siadcar/project/images/test/profile.png
HTTP_REFERER=http://localhost/universidad/sw/siadcar/project/index
---
2016/06/14 02:17:55 [error] [exception.CHttpException.404] exception 'CHttpException' with message 'Unable to resolve the request "images/users/defaul.png".' in C:\wamp\www\universidad\sw\siadcar\project\framework\web\CWebApplication.php:286
Stack trace:
#0 C:\wamp\www\universidad\sw\siadcar\project\framework\web\CWebApplication.php(141): CWebApplication->runController('images/users/de...')
#1 C:\wamp\www\universidad\sw\siadcar\project\framework\base\CApplication.php(184): CWebApplication->processRequest()
#2 C:\wamp\www\universidad\sw\siadcar\project\index.php(13): CApplication->run()
#3 {main}
REQUEST_URI=/universidad/sw/siadcar/project/images/users/defaul.png
HTTP_REFERER=http://localhost/universidad/sw/siadcar/project/index
---
2016/06/14 02:18:36 [error] [exception.CHttpException.404] exception 'CHttpException' with message 'Unable to resolve the request "images/users/defaul.png".' in C:\wamp\www\universidad\sw\siadcar\project\framework\web\CWebApplication.php:286
Stack trace:
#0 C:\wamp\www\universidad\sw\siadcar\project\framework\web\CWebApplication.php(141): CWebApplication->runController('images/users/de...')
#1 C:\wamp\www\universidad\sw\siadcar\project\framework\base\CApplication.php(184): CWebApplication->processRequest()
#2 C:\wamp\www\universidad\sw\siadcar\project\index.php(13): CApplication->run()
#3 {main}
REQUEST_URI=/universidad/sw/siadcar/project/images/users/defaul.png
HTTP_REFERER=http://localhost/universidad/sw/siadcar/project/index
---
2016/06/14 02:18:36 [error] [exception.CHttpException.404] exception 'CHttpException' with message 'Unable to resolve the request "images/test/profile.png".' in C:\wamp\www\universidad\sw\siadcar\project\framework\web\CWebApplication.php:286
Stack trace:
#0 C:\wamp\www\universidad\sw\siadcar\project\framework\web\CWebApplication.php(141): CWebApplication->runController('images/test/pro...')
#1 C:\wamp\www\universidad\sw\siadcar\project\framework\base\CApplication.php(184): CWebApplication->processRequest()
#2 C:\wamp\www\universidad\sw\siadcar\project\index.php(13): CApplication->run()
#3 {main}
REQUEST_URI=/universidad/sw/siadcar/project/images/test/profile.png
HTTP_REFERER=http://localhost/universidad/sw/siadcar/project/index
---
2016/06/14 02:18:38 [error] [exception.CHttpException.404] exception 'CHttpException' with message 'Unable to resolve the request "images/users/defaul.png".' in C:\wamp\www\universidad\sw\siadcar\project\framework\web\CWebApplication.php:286
Stack trace:
#0 C:\wamp\www\universidad\sw\siadcar\project\framework\web\CWebApplication.php(141): CWebApplication->runController('images/users/de...')
#1 C:\wamp\www\universidad\sw\siadcar\project\framework\base\CApplication.php(184): CWebApplication->processRequest()
#2 C:\wamp\www\universidad\sw\siadcar\project\index.php(13): CApplication->run()
#3 {main}
REQUEST_URI=/universidad/sw/siadcar/project/images/users/defaul.png
HTTP_REFERER=http://localhost/universidad/sw/siadcar/project/index
---
2016/06/14 02:18:57 [error] [exception.CHttpException.404] exception 'CHttpException' with message 'Unable to resolve the request "images/test/profile.png".' in C:\wamp\www\universidad\sw\siadcar\project\framework\web\CWebApplication.php:286
Stack trace:
#0 C:\wamp\www\universidad\sw\siadcar\project\framework\web\CWebApplication.php(141): CWebApplication->runController('images/test/pro...')
#1 C:\wamp\www\universidad\sw\siadcar\project\framework\base\CApplication.php(184): CWebApplication->processRequest()
#2 C:\wamp\www\universidad\sw\siadcar\project\index.php(13): CApplication->run()
#3 {main}
REQUEST_URI=/universidad/sw/siadcar/project/images/test/profile.png
HTTP_REFERER=http://localhost/universidad/sw/siadcar/project/index
---
2016/06/14 02:28:31 [error] [exception.CException] exception 'CException' with message 'SiteController cannot find the requested view "//layouts/_side-menu".' in C:\wamp\www\universidad\sw\siadcar\project\framework\web\CController.php:878
Stack trace:
#0 C:\wamp\www\universidad\sw\siadcar\project\protected\views\layouts\main.php(21): CController->renderPartial('//layouts/_side...')
#1 C:\wamp\www\universidad\sw\siadcar\project\framework\web\CBaseController.php(126): require('C:\\wamp\\www\\uni...')
#2 C:\wamp\www\universidad\sw\siadcar\project\framework\web\CBaseController.php(95): CBaseController->renderInternal('C:\\wamp\\www\\uni...', Array, true)
#3 C:\wamp\www\universidad\sw\siadcar\project\framework\web\CController.php(784): CBaseController->renderFile('C:\\wamp\\www\\uni...', Array, true)
#4 C:\wamp\www\universidad\sw\siadcar\project\protected\controllers\SiteController.php(33): CController->render('index', Array)
#5 C:\wamp\www\universidad\sw\siadcar\project\framework\web\actions\CInlineAction.php(49): SiteController->actionIndex()
#6 C:\wamp\www\universidad\sw\siadcar\project\framework\web\CController.php(308): CInlineAction->runWithParams(Array)
#7 C:\wamp\www\universidad\sw\siadcar\project\framework\web\CController.php(286): CController->runAction(Object(CInlineAction))
#8 C:\wamp\www\universidad\sw\siadcar\project\framework\web\CController.php(265): CController->runActionWithFilters(Object(CInlineAction), Array)
#9 C:\wamp\www\universidad\sw\siadcar\project\framework\web\CWebApplication.php(282): CController->run('index')
#10 C:\wamp\www\universidad\sw\siadcar\project\framework\web\CWebApplication.php(141): CWebApplication->runController('site/index')
#11 C:\wamp\www\universidad\sw\siadcar\project\framework\base\CApplication.php(184): CWebApplication->processRequest()
#12 C:\wamp\www\universidad\sw\siadcar\project\index.php(13): CApplication->run()
#13 {main}
REQUEST_URI=/universidad/sw/siadcar/project/index
HTTP_REFERER=http://localhost/universidad/sw/siadcar/project/login
---
2016/06/14 02:28:46 [error] [exception.CException] exception 'CException' with message 'RolsUsuario and its behaviors do not have a method or closure named "findPk".' in C:\wamp\www\universidad\sw\siadcar\project\framework\base\CComponent.php:266
Stack trace:
#0 C:\wamp\www\universidad\sw\siadcar\project\framework\db\ar\CActiveRecord.php(227): CComponent->__call('findPk', Array)
#1 C:\wamp\www\universidad\sw\siadcar\project\protected\views\layouts\_side-menu.php(6): CActiveRecord->__call('findPk', Array)
#2 C:\wamp\www\universidad\sw\siadcar\project\protected\views\layouts\_side-menu.php(6): RolsUsuario->findPk(NULL)
#3 C:\wamp\www\universidad\sw\siadcar\project\framework\web\CBaseController.php(126): require('C:\\wamp\\www\\uni...')
#4 C:\wamp\www\universidad\sw\siadcar\project\framework\web\CBaseController.php(95): CBaseController->renderInternal('C:\\wamp\\www\\uni...', NULL, true)
#5 C:\wamp\www\universidad\sw\siadcar\project\framework\web\CController.php(869): CBaseController->renderFile('C:\\wamp\\www\\uni...', NULL, true)
#6 C:\wamp\www\universidad\sw\siadcar\project\protected\views\layouts\main.php(21): CController->renderPartial('//layouts/_side...')
#7 C:\wamp\www\universidad\sw\siadcar\project\framework\web\CBaseController.php(126): require('C:\\wamp\\www\\uni...')
#8 C:\wamp\www\universidad\sw\siadcar\project\framework\web\CBaseController.php(95): CBaseController->renderInternal('C:\\wamp\\www\\uni...', Array, true)
#9 C:\wamp\www\universidad\sw\siadcar\project\framework\web\CController.php(784): CBaseController->renderFile('C:\\wamp\\www\\uni...', Array, true)
#10 C:\wamp\www\universidad\sw\siadcar\project\protected\controllers\SiteController.php(33): CController->render('index', Array)
#11 C:\wamp\www\universidad\sw\siadcar\project\framework\web\actions\CInlineAction.php(49): SiteController->actionIndex()
#12 C:\wamp\www\universidad\sw\siadcar\project\framework\web\CController.php(308): CInlineAction->runWithParams(Array)
#13 C:\wamp\www\universidad\sw\siadcar\project\framework\web\CController.php(286): CController->runAction(Object(CInlineAction))
#14 C:\wamp\www\universidad\sw\siadcar\project\framework\web\CController.php(265): CController->runActionWithFilters(Object(CInlineAction), Array)
#15 C:\wamp\www\universidad\sw\siadcar\project\framework\web\CWebApplication.php(282): CController->run('index')
#16 C:\wamp\www\universidad\sw\siadcar\project\framework\web\CWebApplication.php(141): CWebApplication->runController('site/index')
#17 C:\wamp\www\universidad\sw\siadcar\project\framework\base\CApplication.php(184): CWebApplication->processRequest()
#18 C:\wamp\www\universidad\sw\siadcar\project\index.php(13): CApplication->run()
#19 {main}
REQUEST_URI=/universidad/sw/siadcar/project/index
HTTP_REFERER=http://localhost/universidad/sw/siadcar/project/login
---
2016/06/14 02:28:57 [error] [php] Trying to get property of non-object (C:\wamp\www\universidad\sw\siadcar\project\protected\views\layouts\_side-menu.php:7)
Stack trace:
#0 C:\wamp\www\universidad\sw\siadcar\project\framework\web\CController.php(869): SiteController->renderFile()
#1 C:\wamp\www\universidad\sw\siadcar\project\protected\views\layouts\main.php(21): SiteController->renderPartial()
#2 C:\wamp\www\universidad\sw\siadcar\project\framework\web\CBaseController.php(126): require()
#3 C:\wamp\www\universidad\sw\siadcar\project\framework\web\CBaseController.php(95): SiteController->renderInternal()
#4 C:\wamp\www\universidad\sw\siadcar\project\framework\web\CController.php(784): SiteController->renderFile()
#5 C:\wamp\www\universidad\sw\siadcar\project\protected\controllers\SiteController.php(33): SiteController->render()
#6 C:\wamp\www\universidad\sw\siadcar\project\framework\web\actions\CInlineAction.php(49): SiteController->actionIndex()
#7 C:\wamp\www\universidad\sw\siadcar\project\framework\web\CController.php(308): CInlineAction->runWithParams()
#8 C:\wamp\www\universidad\sw\siadcar\project\framework\web\CController.php(286): SiteController->runAction()
#9 C:\wamp\www\universidad\sw\siadcar\project\framework\web\CController.php(265): SiteController->runActionWithFilters()
#10 C:\wamp\www\universidad\sw\siadcar\project\framework\web\CWebApplication.php(282): SiteController->run()
#11 C:\wamp\www\universidad\sw\siadcar\project\framework\web\CWebApplication.php(141): CWebApplication->runController()
#12 C:\wamp\www\universidad\sw\siadcar\project\framework\base\CApplication.php(184): CWebApplication->processRequest()
#13 C:\wamp\www\universidad\sw\siadcar\project\index.php(13): CWebApplication->run()
REQUEST_URI=/universidad/sw/siadcar/project/index
in C:\wamp\www\universidad\sw\siadcar\project\protected\views\layouts\_side-menu.php (7)
in C:\wamp\www\universidad\sw\siadcar\project\protected\views\layouts\main.php (21)
in C:\wamp\www\universidad\sw\siadcar\project\protected\controllers\SiteController.php (33)
2016/06/14 02:29:15 [error] [php] Trying to get property of non-object (C:\wamp\www\universidad\sw\siadcar\project\protected\views\layouts\_side-menu.php:7)
Stack trace:
#0 C:\wamp\www\universidad\sw\siadcar\project\framework\web\CController.php(869): SiteController->renderFile()
#1 C:\wamp\www\universidad\sw\siadcar\project\protected\views\layouts\main.php(21): SiteController->renderPartial()
#2 C:\wamp\www\universidad\sw\siadcar\project\framework\web\CBaseController.php(126): require()
#3 C:\wamp\www\universidad\sw\siadcar\project\framework\web\CBaseController.php(95): SiteController->renderInternal()
#4 C:\wamp\www\universidad\sw\siadcar\project\framework\web\CController.php(784): SiteController->renderFile()
#5 C:\wamp\www\universidad\sw\siadcar\project\protected\controllers\SiteController.php(33): SiteController->render()
#6 C:\wamp\www\universidad\sw\siadcar\project\framework\web\actions\CInlineAction.php(49): SiteController->actionIndex()
#7 C:\wamp\www\universidad\sw\siadcar\project\framework\web\CController.php(308): CInlineAction->runWithParams()
#8 C:\wamp\www\universidad\sw\siadcar\project\framework\web\CController.php(286): SiteController->runAction()
#9 C:\wamp\www\universidad\sw\siadcar\project\framework\web\CController.php(265): SiteController->runActionWithFilters()
#10 C:\wamp\www\universidad\sw\siadcar\project\framework\web\CWebApplication.php(282): SiteController->run()
#11 C:\wamp\www\universidad\sw\siadcar\project\framework\web\CWebApplication.php(141): CWebApplication->runController()
#12 C:\wamp\www\universidad\sw\siadcar\project\framework\base\CApplication.php(184): CWebApplication->processRequest()
#13 C:\wamp\www\universidad\sw\siadcar\project\index.php(13): CWebApplication->run()
REQUEST_URI=/universidad/sw/siadcar/project/index
in C:\wamp\www\universidad\sw\siadcar\project\protected\views\layouts\_side-menu.php (7)
in C:\wamp\www\universidad\sw\siadcar\project\protected\views\layouts\main.php (21)
in C:\wamp\www\universidad\sw\siadcar\project\protected\controllers\SiteController.php (33)
2016/06/14 03:09:46 [error] [php] Object of class Usuarios could not be converted to string (C:\wamp\www\universidad\sw\siadcar\project\protected\views\layouts\_top-bar.php:14)
Stack trace:
#0 C:\wamp\www\universidad\sw\siadcar\project\framework\web\CController.php(869): SiteController->renderFile()
#1 C:\wamp\www\universidad\sw\siadcar\project\protected\views\layouts\main.php(22): SiteController->renderPartial()
#2 C:\wamp\www\universidad\sw\siadcar\project\framework\web\CBaseController.php(126): require()
#3 C:\wamp\www\universidad\sw\siadcar\project\framework\web\CBaseController.php(95): SiteController->renderInternal()
#4 C:\wamp\www\universidad\sw\siadcar\project\framework\web\CController.php(784): SiteController->renderFile()
#5 C:\wamp\www\universidad\sw\siadcar\project\protected\controllers\SiteController.php(33): SiteController->render()
#6 C:\wamp\www\universidad\sw\siadcar\project\framework\web\actions\CInlineAction.php(49): SiteController->actionIndex()
#7 C:\wamp\www\universidad\sw\siadcar\project\framework\web\CController.php(308): CInlineAction->runWithParams()
#8 C:\wamp\www\universidad\sw\siadcar\project\framework\web\CController.php(286): SiteController->runAction()
#9 C:\wamp\www\universidad\sw\siadcar\project\framework\web\CController.php(265): SiteController->runActionWithFilters()
#10 C:\wamp\www\universidad\sw\siadcar\project\framework\web\CWebApplication.php(282): SiteController->run()
#11 C:\wamp\www\universidad\sw\siadcar\project\framework\web\CWebApplication.php(141): CWebApplication->runController()
#12 C:\wamp\www\universidad\sw\siadcar\project\framework\base\CApplication.php(184): CWebApplication->processRequest()
#13 C:\wamp\www\universidad\sw\siadcar\project\index.php(13): CWebApplication->run()
REQUEST_URI=/universidad/sw/siadcar/project/index
in C:\wamp\www\universidad\sw\siadcar\project\protected\views\layouts\_top-bar.php (14)
in C:\wamp\www\universidad\sw\siadcar\project\protected\views\layouts\main.php (22)
in C:\wamp\www\universidad\sw\siadcar\project\protected\controllers\SiteController.php (33)
2016/06/14 03:13:05 [error] [php] Undefined variable: ultimaSesion (C:\wamp\www\universidad\sw\siadcar\project\protected\views\layouts\_top-bar.php:16)
Stack trace:
#0 C:\wamp\www\universidad\sw\siadcar\project\framework\web\CController.php(869): SiteController->renderFile()
#1 C:\wamp\www\universidad\sw\siadcar\project\protected\views\layouts\main.php(22): SiteController->renderPartial()
#2 C:\wamp\www\universidad\sw\siadcar\project\framework\web\CBaseController.php(126): require()
#3 C:\wamp\www\universidad\sw\siadcar\project\framework\web\CBaseController.php(95): SiteController->renderInternal()
#4 C:\wamp\www\universidad\sw\siadcar\project\framework\web\CController.php(784): SiteController->renderFile()
#5 C:\wamp\www\universidad\sw\siadcar\project\protected\controllers\SiteController.php(33): SiteController->render()
#6 C:\wamp\www\universidad\sw\siadcar\project\framework\web\actions\CInlineAction.php(49): SiteController->actionIndex()
#7 C:\wamp\www\universidad\sw\siadcar\project\framework\web\CController.php(308): CInlineAction->runWithParams()
#8 C:\wamp\www\universidad\sw\siadcar\project\framework\web\CController.php(286): SiteController->runAction()
#9 C:\wamp\www\universidad\sw\siadcar\project\framework\web\CController.php(265): SiteController->runActionWithFilters()
#10 C:\wamp\www\universidad\sw\siadcar\project\framework\web\CWebApplication.php(282): SiteController->run()
#11 C:\wamp\www\universidad\sw\siadcar\project\framework\web\CWebApplication.php(141): CWebApplication->runController()
#12 C:\wamp\www\universidad\sw\siadcar\project\framework\base\CApplication.php(184): CWebApplication->processRequest()
#13 C:\wamp\www\universidad\sw\siadcar\project\index.php(13): CWebApplication->run()
REQUEST_URI=/universidad/sw/siadcar/project/index
in C:\wamp\www\universidad\sw\siadcar\project\protected\views\layouts\_top-bar.php (16)
in C:\wamp\www\universidad\sw\siadcar\project\protected\views\layouts\main.php (22)
in C:\wamp\www\universidad\sw\siadcar\project\protected\controllers\SiteController.php (33)
2016/06/14 05:41:28 [error] [php] Trying to get property of non-object (C:\wamp\www\universidad\sw\siadcar\project\protected\views\profile\view.php:6)
Stack trace:
#0 C:\wamp\www\universidad\sw\siadcar\project\framework\web\CController.php(869): ProfileController->renderFile()
#1 C:\wamp\www\universidad\sw\siadcar\project\framework\web\CController.php(782): ProfileController->renderPartial()
#2 C:\wamp\www\universidad\sw\siadcar\project\protected\controllers\ProfileController.php(39): ProfileController->render()
#3 C:\wamp\www\universidad\sw\siadcar\project\framework\web\actions\CInlineAction.php(49): ProfileController->actionView()
#4 C:\wamp\www\universidad\sw\siadcar\project\framework\web\CController.php(308): CInlineAction->runWithParams()
#5 C:\wamp\www\universidad\sw\siadcar\project\framework\web\filters\CFilterChain.php(133): ProfileController->runAction()
#6 C:\wamp\www\universidad\sw\siadcar\project\framework\web\filters\CFilter.php(40): CFilterChain->run()
#7 C:\wamp\www\universidad\sw\siadcar\project\framework\web\CController.php(1145): CAccessControlFilter->filter()
#8 C:\wamp\www\universidad\sw\siadcar\project\framework\web\filters\CInlineFilter.php(58): ProfileController->filterAccessControl()
#9 C:\wamp\www\universidad\sw\siadcar\project\framework\web\filters\CFilterChain.php(130): CInlineFilter->filter()
#10 C:\wamp\www\universidad\sw\siadcar\project\framework\web\CController.php(291): CFilterChain->run()
#11 C:\wamp\www\universidad\sw\siadcar\project\framework\web\CController.php(265): ProfileController->runActionWithFilters()
#12 C:\wamp\www\universidad\sw\siadcar\project\framework\web\CWebApplication.php(282): ProfileController->run()
#13 C:\wamp\www\universidad\sw\siadcar\project\framework\web\CWebApplication.php(141): CWebApplication->runController()
#14 C:\wamp\www\universidad\sw\siadcar\project\framework\base\CApplication.php(184): CWebApplication->processRequest()
#15 C:\wamp\www\universidad\sw\siadcar\project\index.php(13): CWebApplication->run()
REQUEST_URI=/universidad/sw/siadcar/project/profile/view
in C:\wamp\www\universidad\sw\siadcar\project\protected\views\profile\view.php (6)
in C:\wamp\www\universidad\sw\siadcar\project\protected\controllers\ProfileController.php (39)
in C:\wamp\www\universidad\sw\siadcar\project\index.php (13)
2016/06/14 05:41:49 [error] [php] Trying to get property of non-object (C:\wamp\www\universidad\sw\siadcar\project\protected\views\profile\view.php:6)
Stack trace:
#0 C:\wamp\www\universidad\sw\siadcar\project\framework\web\CController.php(869): ProfileController->renderFile()
#1 C:\wamp\www\universidad\sw\siadcar\project\framework\web\CController.php(782): ProfileController->renderPartial()
#2 C:\wamp\www\universidad\sw\siadcar\project\protected\controllers\ProfileController.php(39): ProfileController->render()
#3 C:\wamp\www\universidad\sw\siadcar\project\framework\web\actions\CInlineAction.php(49): ProfileController->actionView()
#4 C:\wamp\www\universidad\sw\siadcar\project\framework\web\CController.php(308): CInlineAction->runWithParams()
#5 C:\wamp\www\universidad\sw\siadcar\project\framework\web\filters\CFilterChain.php(133): ProfileController->runAction()
#6 C:\wamp\www\universidad\sw\siadcar\project\framework\web\filters\CFilter.php(40): CFilterChain->run()
#7 C:\wamp\www\universidad\sw\siadcar\project\framework\web\CController.php(1145): CAccessControlFilter->filter()
#8 C:\wamp\www\universidad\sw\siadcar\project\framework\web\filters\CInlineFilter.php(58): ProfileController->filterAccessControl()
#9 C:\wamp\www\universidad\sw\siadcar\project\framework\web\filters\CFilterChain.php(130): CInlineFilter->filter()
#10 C:\wamp\www\universidad\sw\siadcar\project\framework\web\CController.php(291): CFilterChain->run()
#11 C:\wamp\www\universidad\sw\siadcar\project\framework\web\CController.php(265): ProfileController->runActionWithFilters()
#12 C:\wamp\www\universidad\sw\siadcar\project\framework\web\CWebApplication.php(282): ProfileController->run()
#13 C:\wamp\www\universidad\sw\siadcar\project\framework\web\CWebApplication.php(141): CWebApplication->runController()
#14 C:\wamp\www\universidad\sw\siadcar\project\framework\base\CApplication.php(184): CWebApplication->processRequest()
#15 C:\wamp\www\universidad\sw\siadcar\project\index.php(13): CWebApplication->run()
REQUEST_URI=/universidad/sw/siadcar/project/profile/view
in C:\wamp\www\universidad\sw\siadcar\project\protected\views\profile\view.php (6)
in C:\wamp\www\universidad\sw\siadcar\project\protected\controllers\ProfileController.php (39)
in C:\wamp\www\universidad\sw\siadcar\project\index.php (13)
2016/06/14 05:41:54 [error] [php] Trying to get property of non-object (C:\wamp\www\universidad\sw\siadcar\project\protected\views\profile\view.php:6)
Stack trace:
#0 C:\wamp\www\universidad\sw\siadcar\project\framework\web\CController.php(869): ProfileController->renderFile()
#1 C:\wamp\www\universidad\sw\siadcar\project\framework\web\CController.php(782): ProfileController->renderPartial()
#2 C:\wamp\www\universidad\sw\siadcar\project\protected\controllers\ProfileController.php(39): ProfileController->render()
#3 C:\wamp\www\universidad\sw\siadcar\project\framework\web\actions\CInlineAction.php(49): ProfileController->actionView()
#4 C:\wamp\www\universidad\sw\siadcar\project\framework\web\CController.php(308): CInlineAction->runWithParams()
#5 C:\wamp\www\universidad\sw\siadcar\project\framework\web\filters\CFilterChain.php(133): ProfileController->runAction()
#6 C:\wamp\www\universidad\sw\siadcar\project\framework\web\filters\CFilter.php(40): CFilterChain->run()
#7 C:\wamp\www\universidad\sw\siadcar\project\framework\web\CController.php(1145): CAccessControlFilter->filter()
#8 C:\wamp\www\universidad\sw\siadcar\project\framework\web\filters\CInlineFilter.php(58): ProfileController->filterAccessControl()
#9 C:\wamp\www\universidad\sw\siadcar\project\framework\web\filters\CFilterChain.php(130): CInlineFilter->filter()
#10 C:\wamp\www\universidad\sw\siadcar\project\framework\web\CController.php(291): CFilterChain->run()
#11 C:\wamp\www\universidad\sw\siadcar\project\framework\web\CController.php(265): ProfileController->runActionWithFilters()
#12 C:\wamp\www\universidad\sw\siadcar\project\framework\web\CWebApplication.php(282): ProfileController->run()
#13 C:\wamp\www\universidad\sw\siadcar\project\framework\web\CWebApplication.php(141): CWebApplication->runController()
#14 C:\wamp\www\universidad\sw\siadcar\project\framework\base\CApplication.php(184): CWebApplication->processRequest()
#15 C:\wamp\www\universidad\sw\siadcar\project\index.php(13): CWebApplication->run()
REQUEST_URI=/universidad/sw/siadcar/project/profile/view
in C:\wamp\www\universidad\sw\siadcar\project\protected\views\profile\view.php (6)
in C:\wamp\www\universidad\sw\siadcar\project\protected\controllers\ProfileController.php (39)
in C:\wamp\www\universidad\sw\siadcar\project\index.php (13)
2016/06/14 05:57:22 [error] [exception.CHttpException.404] exception 'CHttpException' with message 'Unable to resolve the request "vendor/bootstrap/bootstrap.min.css".' in C:\wamp\www\universidad\sw\siadcar\project\framework\web\CWebApplication.php:286
Stack trace:
#0 C:\wamp\www\universidad\sw\siadcar\project\framework\web\CWebApplication.php(141): CWebApplication->runController('vendor/bootstra...')
#1 C:\wamp\www\universidad\sw\siadcar\project\framework\base\CApplication.php(184): CWebApplication->processRequest()
#2 C:\wamp\www\universidad\sw\siadcar\project\index.php(13): CApplication->run()
#3 {main}
REQUEST_URI=/universidad/sw/siadcar/project/vendor/bootstrap/bootstrap.min.css
HTTP_REFERER=http://localhost/universidad/sw/siadcar/project/profile/view
---
2016/06/14 05:58:48 [error] [exception.CHttpException.404] exception 'CHttpException' with message 'Unable to resolve the request "bootstrap/js/bootstrap.min.js".' in C:\wamp\www\universidad\sw\siadcar\project\framework\web\CWebApplication.php:286
Stack trace:
#0 C:\wamp\www\universidad\sw\siadcar\project\framework\web\CWebApplication.php(141): CWebApplication->runController('bootstrap/js/bo...')
#1 C:\wamp\www\universidad\sw\siadcar\project\framework\base\CApplication.php(184): CWebApplication->processRequest()
#2 C:\wamp\www\universidad\sw\siadcar\project\index.php(13): CApplication->run()
#3 {main}
REQUEST_URI=/universidad/sw/siadcar/project/bootstrap/js/bootstrap.min.js
HTTP_REFERER=http://localhost/universidad/sw/siadcar/project/profile/view
---
2016/06/14 06:03:21 [error] [exception.CException] exception 'CException' with message 'Property "Usuarios.fecha_ultimo_acceso" is not defined.' in C:\wamp\www\universidad\sw\siadcar\project\framework\base\CComponent.php:130
Stack trace:
#0 C:\wamp\www\universidad\sw\siadcar\project\framework\db\ar\CActiveRecord.php(145): CComponent->__get('fecha_ultimo_ac...')
#1 C:\wamp\www\universidad\sw\siadcar\project\protected\views\profile\view.php(14): CActiveRecord->__get('fecha_ultimo_ac...')
#2 C:\wamp\www\universidad\sw\siadcar\project\framework\web\CBaseController.php(126): require('C:\\wamp\\www\\uni...')
#3 C:\wamp\www\universidad\sw\siadcar\project\framework\web\CBaseController.php(95): CBaseController->renderInternal('C:\\wamp\\www\\uni...', Array, true)
#4 C:\wamp\www\universidad\sw\siadcar\project\framework\web\CController.php(869): CBaseController->renderFile('C:\\wamp\\www\\uni...', Array, true)
#5 C:\wamp\www\universidad\sw\siadcar\project\framework\web\CController.php(782): CController->renderPartial('view', Array, true)
#6 C:\wamp\www\universidad\sw\siadcar\project\protected\controllers\ProfileController.php(39): CController->render('view', Array)
#7 C:\wamp\www\universidad\sw\siadcar\project\framework\web\actions\CInlineAction.php(49): ProfileController->actionView()
#8 C:\wamp\www\universidad\sw\siadcar\project\framework\web\CController.php(308): CInlineAction->runWithParams(Array)
#9 C:\wamp\www\universidad\sw\siadcar\project\framework\web\filters\CFilterChain.php(133): CController->runAction(Object(CInlineAction))
#10 C:\wamp\www\universidad\sw\siadcar\project\framework\web\filters\CFilter.php(40): CFilterChain->run()
#11 C:\wamp\www\universidad\sw\siadcar\project\framework\web\CController.php(1145): CFilter->filter(Object(CFilterChain))
#12 C:\wamp\www\universidad\sw\siadcar\project\framework\web\filters\CInlineFilter.php(58): CController->filterAccessControl(Object(CFilterChain))
#13 C:\wamp\www\universidad\sw\siadcar\project\framework\web\filters\CFilterChain.php(130): CInlineFilter->filter(Object(CFilterChain))
#14 C:\wamp\www\universidad\sw\siadcar\project\framework\web\CController.php(291): CFilterChain->run()
#15 C:\wamp\www\universidad\sw\siadcar\project\framework\web\CController.php(265): CController->runActionWithFilters(Object(CInlineAction), Array)
#16 C:\wamp\www\universidad\sw\siadcar\project\framework\web\CWebApplication.php(282): CController->run('view')
#17 C:\wamp\www\universidad\sw\siadcar\project\framework\web\CWebApplication.php(141): CWebApplication->runController('profile/view')
#18 C:\wamp\www\universidad\sw\siadcar\project\framework\base\CApplication.php(184): CWebApplication->processRequest()
#19 C:\wamp\www\universidad\sw\siadcar\project\index.php(13): CApplication->run()
#20 {main}
REQUEST_URI=/universidad/sw/siadcar/project/profile/view
HTTP_REFERER=http://localhost/universidad/sw/siadcar/project/index
---
2016/06/14 06:18:31 [error] [exception.CException] exception 'CException' with message 'Property "Usuarios.eamil" is not defined.' in C:\wamp\www\universidad\sw\siadcar\project\framework\base\CComponent.php:130
Stack trace:
#0 C:\wamp\www\universidad\sw\siadcar\project\framework\db\ar\CActiveRecord.php(145): CComponent->__get('eamil')
#1 C:\wamp\www\universidad\sw\siadcar\project\protected\views\profile\view.php(50): CActiveRecord->__get('eamil')
#2 C:\wamp\www\universidad\sw\siadcar\project\framework\web\CBaseController.php(126): require('C:\\wamp\\www\\uni...')
#3 C:\wamp\www\universidad\sw\siadcar\project\framework\web\CBaseController.php(95): CBaseController->renderInternal('C:\\wamp\\www\\uni...', Array, true)
#4 C:\wamp\www\universidad\sw\siadcar\project\framework\web\CController.php(869): CBaseController->renderFile('C:\\wamp\\www\\uni...', Array, true)
#5 C:\wamp\www\universidad\sw\siadcar\project\framework\web\CController.php(782): CController->renderPartial('view', Array, true)
#6 C:\wamp\www\universidad\sw\siadcar\project\protected\controllers\ProfileController.php(39): CController->render('view', Array)
#7 C:\wamp\www\universidad\sw\siadcar\project\framework\web\actions\CInlineAction.php(49): ProfileController->actionView()
#8 C:\wamp\www\universidad\sw\siadcar\project\framework\web\CController.php(308): CInlineAction->runWithParams(Array)
#9 C:\wamp\www\universidad\sw\siadcar\project\framework\web\filters\CFilterChain.php(133): CController->runAction(Object(CInlineAction))
#10 C:\wamp\www\universidad\sw\siadcar\project\framework\web\filters\CFilter.php(40): CFilterChain->run()
#11 C:\wamp\www\universidad\sw\siadcar\project\framework\web\CController.php(1145): CFilter->filter(Object(CFilterChain))
#12 C:\wamp\www\universidad\sw\siadcar\project\framework\web\filters\CInlineFilter.php(58): CController->filterAccessControl(Object(CFilterChain))
#13 C:\wamp\www\universidad\sw\siadcar\project\framework\web\filters\CFilterChain.php(130): CInlineFilter->filter(Object(CFilterChain))
#14 C:\wamp\www\universidad\sw\siadcar\project\framework\web\CController.php(291): CFilterChain->run()
#15 C:\wamp\www\universidad\sw\siadcar\project\framework\web\CController.php(265): CController->runActionWithFilters(Object(CInlineAction), Array)
#16 C:\wamp\www\universidad\sw\siadcar\project\framework\web\CWebApplication.php(282): CController->run('view')
#17 C:\wamp\www\universidad\sw\siadcar\project\framework\web\CWebApplication.php(141): CWebApplication->runController('profile/view')
#18 C:\wamp\www\universidad\sw\siadcar\project\framework\base\CApplication.php(184): CWebApplication->processRequest()
#19 C:\wamp\www\universidad\sw\siadcar\project\index.php(13): CApplication->run()
#20 {main}
REQUEST_URI=/universidad/sw/siadcar/project/profile/view
HTTP_REFERER=http://localhost/universidad/sw/siadcar/project/index
---
2016/06/14 06:28:08 [error] [exception.CException] exception 'CException' with message 'Property "Permisos.name" is not defined.' in C:\wamp\www\universidad\sw\siadcar\project\framework\base\CComponent.php:130
Stack trace:
#0 C:\wamp\www\universidad\sw\siadcar\project\framework\db\ar\CActiveRecord.php(145): CComponent->__get('name')
#1 C:\wamp\www\universidad\sw\siadcar\project\protected\views\profile\view.php(62): CActiveRecord->__get('name')
#2 C:\wamp\www\universidad\sw\siadcar\project\framework\web\CBaseController.php(126): require('C:\\wamp\\www\\uni...')
#3 C:\wamp\www\universidad\sw\siadcar\project\framework\web\CBaseController.php(95): CBaseController->renderInternal('C:\\wamp\\www\\uni...', Array, true)
#4 C:\wamp\www\universidad\sw\siadcar\project\framework\web\CController.php(869): CBaseController->renderFile('C:\\wamp\\www\\uni...', Array, true)
#5 C:\wamp\www\universidad\sw\siadcar\project\framework\web\CController.php(782): CController->renderPartial('view', Array, true)
#6 C:\wamp\www\universidad\sw\siadcar\project\protected\controllers\ProfileController.php(39): CController->render('view', Array)
#7 C:\wamp\www\universidad\sw\siadcar\project\framework\web\actions\CInlineAction.php(49): ProfileController->actionView()
#8 C:\wamp\www\universidad\sw\siadcar\project\framework\web\CController.php(308): CInlineAction->runWithParams(Array)
#9 C:\wamp\www\universidad\sw\siadcar\project\framework\web\filters\CFilterChain.php(133): CController->runAction(Object(CInlineAction))
#10 C:\wamp\www\universidad\sw\siadcar\project\framework\web\filters\CFilter.php(40): CFilterChain->run()
#11 C:\wamp\www\universidad\sw\siadcar\project\framework\web\CController.php(1145): CFilter->filter(Object(CFilterChain))
#12 C:\wamp\www\universidad\sw\siadcar\project\framework\web\filters\CInlineFilter.php(58): CController->filterAccessControl(Object(CFilterChain))
#13 C:\wamp\www\universidad\sw\siadcar\project\framework\web\filters\CFilterChain.php(130): CInlineFilter->filter(Object(CFilterChain))
#14 C:\wamp\www\universidad\sw\siadcar\project\framework\web\CController.php(291): CFilterChain->run()
#15 C:\wamp\www\universidad\sw\siadcar\project\framework\web\CController.php(265): CController->runActionWithFilters(Object(CInlineAction), Array)
#16 C:\wamp\www\universidad\sw\siadcar\project\framework\web\CWebApplication.php(282): CController->run('view')
#17 C:\wamp\www\universidad\sw\siadcar\project\framework\web\CWebApplication.php(141): CWebApplication->runController('profile/view')
#18 C:\wamp\www\universidad\sw\siadcar\project\framework\base\CApplication.php(184): CWebApplication->processRequest()
#19 C:\wamp\www\universidad\sw\siadcar\project\index.php(13): CApplication->run()
#20 {main}
REQUEST_URI=/universidad/sw/siadcar/project/profile/view
HTTP_REFERER=http://localhost/universidad/sw/siadcar/project/profile/view
---
2016/06/15 07:08:02 [error] [php] include(MyMethods.php): failed to open stream: No such file or directory (C:\wamp\www\universidad\sw\siadcar\project\framework\YiiBase.php:432)
Stack trace:
#0 C:\wamp\www\universidad\sw\siadcar\project\protected\views\layouts\__menu.php(14): spl_autoload_call()
#1 C:\wamp\www\universidad\sw\siadcar\project\framework\web\CBaseController.php(126): require()
#2 C:\wamp\www\universidad\sw\siadcar\project\framework\web\CBaseController.php(95): SiteController->renderInternal()
#3 C:\wamp\www\universidad\sw\siadcar\project\framework\web\CController.php(869): SiteController->renderFile()
#4 C:\wamp\www\universidad\sw\siadcar\project\protected\views\layouts\_side-menu.php(10): SiteController->renderPartial()
#5 C:\wamp\www\universidad\sw\siadcar\project\framework\web\CBaseController.php(126): require()
#6 C:\wamp\www\universidad\sw\siadcar\project\framework\web\CBaseController.php(95): SiteController->renderInternal()
#7 C:\wamp\www\universidad\sw\siadcar\project\framework\web\CController.php(869): SiteController->renderFile()
#8 C:\wamp\www\universidad\sw\siadcar\project\protected\views\layouts\main.php(27): SiteController->renderPartial()
#9 C:\wamp\www\universidad\sw\siadcar\project\framework\web\CBaseController.php(126): require()
#10 C:\wamp\www\universidad\sw\siadcar\project\framework\web\CBaseController.php(95): SiteController->renderInternal()
#11 C:\wamp\www\universidad\sw\siadcar\project\framework\web\CController.php(784): SiteController->renderFile()
#12 C:\wamp\www\universidad\sw\siadcar\project\protected\controllers\SiteController.php(33): SiteController->render()
#13 C:\wamp\www\universidad\sw\siadcar\project\framework\web\actions\CInlineAction.php(49): SiteController->actionIndex()
#14 C:\wamp\www\universidad\sw\siadcar\project\framework\web\CController.php(308): CInlineAction->runWithParams()
#15 C:\wamp\www\universidad\sw\siadcar\project\framework\web\CController.php(286): SiteController->runAction()
#16 C:\wamp\www\universidad\sw\siadcar\project\framework\web\CController.php(265): SiteController->runActionWithFilters()
#17 C:\wamp\www\universidad\sw\siadcar\project\framework\web\CWebApplication.php(282): SiteController->run()
#18 C:\wamp\www\universidad\sw\siadcar\project\framework\web\CWebApplication.php(141): CWebApplication->runController()
#19 C:\wamp\www\universidad\sw\siadcar\project\framework\base\CApplication.php(184): CWebApplication->processRequest()
#20 C:\wamp\www\universidad\sw\siadcar\project\index.php(13): CWebApplication->run()
REQUEST_URI=/universidad/sw/siadcar/project/
in C:\wamp\www\universidad\sw\siadcar\project\protected\views\layouts\__menu.php (14)
in C:\wamp\www\universidad\sw\siadcar\project\protected\views\layouts\_side-menu.php (10)
in C:\wamp\www\universidad\sw\siadcar\project\protected\views\layouts\main.php (27)
2016/06/15 07:14:58 [error] [exception.CHttpException.404] exception 'CHttpException' with message 'Unable to resolve the request "usuarios/create".' in C:\wamp\www\universidad\sw\siadcar\project\framework\web\CWebApplication.php:286
Stack trace:
#0 C:\wamp\www\universidad\sw\siadcar\project\framework\web\CWebApplication.php(141): CWebApplication->runController('usuarios/create')
#1 C:\wamp\www\universidad\sw\siadcar\project\framework\base\CApplication.php(184): CWebApplication->processRequest()
#2 C:\wamp\www\universidad\sw\siadcar\project\index.php(13): CApplication->run()
#3 {main}
REQUEST_URI=/universidad/sw/siadcar/project/usuarios/create
HTTP_REFERER=http://localhost/universidad/sw/siadcar/project/
---
2016/06/15 07:16:44 [error] [exception.CHttpException.404] exception 'CHttpException' with message 'Unable to resolve the request "usuarios/create".' in C:\wamp\www\universidad\sw\siadcar\project\framework\web\CWebApplication.php:286
Stack trace:
#0 C:\wamp\www\universidad\sw\siadcar\project\framework\web\CWebApplication.php(141): CWebApplication->runController('usuarios/create')
#1 C:\wamp\www\universidad\sw\siadcar\project\framework\base\CApplication.php(184): CWebApplication->processRequest()
#2 C:\wamp\www\universidad\sw\siadcar\project\index.php(13): CApplication->run()
#3 {main}
REQUEST_URI=/universidad/sw/siadcar/project/usuarios/create
HTTP_REFERER=http://localhost/universidad/sw/siadcar/project/
---
2016/06/15 07:16:46 [error] [exception.CHttpException.404] exception 'CHttpException' with message 'Unable to resolve the request "usuarios/create".' in C:\wamp\www\universidad\sw\siadcar\project\framework\web\CWebApplication.php:286
Stack trace:
#0 C:\wamp\www\universidad\sw\siadcar\project\framework\web\CWebApplication.php(141): CWebApplication->runController('usuarios/create')
#1 C:\wamp\www\universidad\sw\siadcar\project\framework\base\CApplication.php(184): CWebApplication->processRequest()
#2 C:\wamp\www\universidad\sw\siadcar\project\index.php(13): CApplication->run()
#3 {main}
REQUEST_URI=/universidad/sw/siadcar/project/usuarios/create
HTTP_REFERER=http://localhost/universidad/sw/siadcar/project/
---
2016/06/15 07:16:54 [error] [exception.CHttpException.404] exception 'CHttpException' with message 'Unable to resolve the request "usuarios/create".' in C:\wamp\www\universidad\sw\siadcar\project\framework\web\CWebApplication.php:286
Stack trace:
#0 C:\wamp\www\universidad\sw\siadcar\project\framework\web\CWebApplication.php(141): CWebApplication->runController('usuarios/create')
#1 C:\wamp\www\universidad\sw\siadcar\project\framework\base\CApplication.php(184): CWebApplication->processRequest()
#2 C:\wamp\www\universidad\sw\siadcar\project\index.php(13): CApplication->run()
#3 {main}
REQUEST_URI=/universidad/sw/siadcar/project/usuarios/create
HTTP_REFERER=http://localhost/universidad/sw/siadcar/project/
---
2016/06/15 07:17:01 [error] [exception.CHttpException.404] exception 'CHttpException' with message 'Unable to resolve the request "usuarios/create".' in C:\wamp\www\universidad\sw\siadcar\project\framework\web\CWebApplication.php:286
Stack trace:
#0 C:\wamp\www\universidad\sw\siadcar\project\framework\web\CWebApplication.php(141): CWebApplication->runController('usuarios/create')
#1 C:\wamp\www\universidad\sw\siadcar\project\framework\base\CApplication.php(184): CWebApplication->processRequest()
#2 C:\wamp\www\universidad\sw\siadcar\project\index.php(13): CApplication->run()
#3 {main}
REQUEST_URI=/universidad/sw/siadcar/project/usuarios/create
HTTP_REFERER=http://localhost/universidad/sw/siadcar/project/
---
2016/06/15 07:22:59 [error] [exception.CException] exception 'CException' with message 'Property "Usuarios.rol_usuario" is not defined.' in C:\wamp\www\universidad\sw\siadcar\project\framework\base\CComponent.php:173
Stack trace:
#0 C:\wamp\www\universidad\sw\siadcar\project\framework\db\ar\CActiveRecord.php(161): CComponent->__set('rol_usuario', '3')
#1 C:\wamp\www\universidad\sw\siadcar\project\protected\controllers\UsuariosController.php(43): CActiveRecord->__set('rol_usuario', '3')
#2 C:\wamp\www\universidad\sw\siadcar\project\framework\web\actions\CInlineAction.php(49): UsuariosController->actionCreate()
#3 C:\wamp\www\universidad\sw\siadcar\project\framework\web\CController.php(308): CInlineAction->runWithParams(Array)
#4 C:\wamp\www\universidad\sw\siadcar\project\framework\web\filters\CFilterChain.php(133): CController->runAction(Object(CInlineAction))
#5 C:\wamp\www\universidad\sw\siadcar\project\framework\web\filters\CFilter.php(40): CFilterChain->run()
#6 C:\wamp\www\universidad\sw\siadcar\project\framework\web\CController.php(1145): CFilter->filter(Object(CFilterChain))
#7 C:\wamp\www\universidad\sw\siadcar\project\framework\web\filters\CInlineFilter.php(58): CController->filterAccessControl(Object(CFilterChain))
#8 C:\wamp\www\universidad\sw\siadcar\project\framework\web\filters\CFilterChain.php(130): CInlineFilter->filter(Object(CFilterChain))
#9 C:\wamp\www\universidad\sw\siadcar\project\framework\web\CController.php(291): CFilterChain->run()
#10 C:\wamp\www\universidad\sw\siadcar\project\framework\web\CController.php(265): CController->runActionWithFilters(Object(CInlineAction), Array)
#11 C:\wamp\www\universidad\sw\siadcar\project\framework\web\CWebApplication.php(282): CController->run('create')
#12 C:\wamp\www\universidad\sw\siadcar\project\framework\web\CWebApplication.php(141): CWebApplication->runController('usuarios/create')
#13 C:\wamp\www\universidad\sw\siadcar\project\framework\base\CApplication.php(184): CWebApplication->processRequest()
#14 C:\wamp\www\universidad\sw\siadcar\project\index.php(13): CApplication->run()
#15 {main}
REQUEST_URI=/universidad/sw/siadcar/project/usuarios/create
HTTP_REFERER=http://localhost/universidad/sw/siadcar/project/
---
2016/06/16 05:45:06 [error] [php] Undefined variable: key (C:\wamp\www\universidad\sw\siadcar\project\protected\components\Tools.php:35)
Stack trace:
#0 C:\wamp\www\universidad\sw\siadcar\project\framework\web\CController.php(308): CInlineAction->runWithParams()
#1 C:\wamp\www\universidad\sw\siadcar\project\framework\web\filters\CFilterChain.php(133): UsuariosController->runAction()
#2 C:\wamp\www\universidad\sw\siadcar\project\framework\web\filters\CFilter.php(40): CFilterChain->run()
#3 C:\wamp\www\universidad\sw\siadcar\project\framework\web\CController.php(1145): CAccessControlFilter->filter()
#4 C:\wamp\www\universidad\sw\siadcar\project\framework\web\filters\CInlineFilter.php(58): UsuariosController->filterAccessControl()
#5 C:\wamp\www\universidad\sw\siadcar\project\framework\web\filters\CFilterChain.php(130): CInlineFilter->filter()
#6 C:\wamp\www\universidad\sw\siadcar\project\framework\web\CController.php(291): CFilterChain->run()
#7 C:\wamp\www\universidad\sw\siadcar\project\framework\web\CController.php(265): UsuariosController->runActionWithFilters()
#8 C:\wamp\www\universidad\sw\siadcar\project\framework\web\CWebApplication.php(282): UsuariosController->run()
#9 C:\wamp\www\universidad\sw\siadcar\project\framework\web\CWebApplication.php(141): CWebApplication->runController()
#10 C:\wamp\www\universidad\sw\siadcar\project\framework\base\CApplication.php(184): CWebApplication->processRequest()
#11 C:\wamp\www\universidad\sw\siadcar\project\index.php(13): CWebApplication->run()
REQUEST_URI=/universidad/sw/siadcar/project/usuarios/create
in C:\wamp\www\universidad\sw\siadcar\project\protected\components\Tools.php (35)
in C:\wamp\www\universidad\sw\siadcar\project\protected\controllers\UsuariosController.php (52)
in C:\wamp\www\universidad\sw\siadcar\project\index.php (13)
2016/06/16 05:46:17 [error] [php] Undefined variable: rolsList (C:\wamp\www\universidad\sw\siadcar\project\protected\views\usuarios\_form.php:68)
Stack trace:
#0 C:\wamp\www\universidad\sw\siadcar\project\framework\web\CController.php(869): UsuariosController->renderFile()
#1 C:\wamp\www\universidad\sw\siadcar\project\protected\views\usuarios\create.php(9): UsuariosController->renderPartial()
#2 C:\wamp\www\universidad\sw\siadcar\project\framework\web\CBaseController.php(126): require()
#3 C:\wamp\www\universidad\sw\siadcar\project\framework\web\CBaseController.php(95): UsuariosController->renderInternal()
#4 C:\wamp\www\universidad\sw\siadcar\project\framework\web\CController.php(869): UsuariosController->renderFile()
#5 C:\wamp\www\universidad\sw\siadcar\project\framework\web\CController.php(782): UsuariosController->renderPartial()
#6 C:\wamp\www\universidad\sw\siadcar\project\protected\controllers\UsuariosController.php(53): UsuariosController->render()
#7 C:\wamp\www\universidad\sw\siadcar\project\framework\web\actions\CInlineAction.php(49): UsuariosController->actionCreate()
#8 C:\wamp\www\universidad\sw\siadcar\project\framework\web\CController.php(308): CInlineAction->runWithParams()
#9 C:\wamp\www\universidad\sw\siadcar\project\framework\web\filters\CFilterChain.php(133): UsuariosController->runAction()
#10 C:\wamp\www\universidad\sw\siadcar\project\framework\web\filters\CFilter.php(40): CFilterChain->run()
#11 C:\wamp\www\universidad\sw\siadcar\project\framework\web\CController.php(1145): CAccessControlFilter->filter()
#12 C:\wamp\www\universidad\sw\siadcar\project\framework\web\filters\CInlineFilter.php(58): UsuariosController->filterAccessControl()
#13 C:\wamp\www\universidad\sw\siadcar\project\framework\web\filters\CFilterChain.php(130): CInlineFilter->filter()
#14 C:\wamp\www\universidad\sw\siadcar\project\framework\web\CController.php(291): CFilterChain->run()
#15 C:\wamp\www\universidad\sw\siadcar\project\framework\web\CController.php(265): UsuariosController->runActionWithFilters()
#16 C:\wamp\www\universidad\sw\siadcar\project\framework\web\CWebApplication.php(282): UsuariosController->run()
#17 C:\wamp\www\universidad\sw\siadcar\project\framework\web\CWebApplication.php(141): CWebApplication->runController()
#18 C:\wamp\www\universidad\sw\siadcar\project\framework\base\CApplication.php(184): CWebApplication->processRequest()
#19 C:\wamp\www\universidad\sw\siadcar\project\index.php(13): CWebApplication->run()
REQUEST_URI=/universidad/sw/siadcar/project/usuarios/create
in C:\wamp\www\universidad\sw\siadcar\project\protected\views\usuarios\_form.php (68)
in C:\wamp\www\universidad\sw\siadcar\project\protected\views\usuarios\create.php (9)
in C:\wamp\www\universidad\sw\siadcar\project\protected\controllers\UsuariosController.php (53)
2016/06/16 05:55:23 [error] [php] include(MyMethods.php): failed to open stream: No such file or directory (C:\wamp\www\universidad\sw\siadcar\project\framework\YiiBase.php:432)
Stack trace:
#0 C:\wamp\www\universidad\sw\siadcar\project\framework\base\CComponent.php(612) : eval()'d code(1): spl_autoload_call()
#1 C:\wamp\www\universidad\sw\siadcar\project\framework\base\CComponent.php(612): eval()
#2 C:\wamp\www\universidad\sw\siadcar\project\framework\web\auth\CAccessControlFilter.php(392): CAccessRule->evaluateExpression()
#3 C:\wamp\www\universidad\sw\siadcar\project\framework\web\auth\CAccessControlFilter.php(288): CAccessRule->isExpressionMatched()
#4 C:\wamp\www\universidad\sw\siadcar\project\framework\web\auth\CAccessControlFilter.php(138): CAccessRule->isUserAllowed()
#5 C:\wamp\www\universidad\sw\siadcar\project\framework\web\filters\CFilter.php(38): CAccessControlFilter->preFilter()
#6 C:\wamp\www\universidad\sw\siadcar\project\framework\web\CController.php(1145): CAccessControlFilter->filter()
#7 C:\wamp\www\universidad\sw\siadcar\project\framework\web\filters\CInlineFilter.php(58): RolsusuarioController->filterAccessControl()
#8 C:\wamp\www\universidad\sw\siadcar\project\framework\web\filters\CFilterChain.php(130): CInlineFilter->filter()
#9 C:\wamp\www\universidad\sw\siadcar\project\framework\web\CController.php(291): CFilterChain->run()
#10 C:\wamp\www\universidad\sw\siadcar\project\framework\web\CController.php(265): RolsusuarioController->runActionWithFilters()
#11 C:\wamp\www\universidad\sw\siadcar\project\framework\web\CWebApplication.php(282): RolsusuarioController->run()
#12 C:\wamp\www\universidad\sw\siadcar\project\framework\web\CWebApplication.php(141): CWebApplication->runController()
#13 C:\wamp\www\universidad\sw\siadcar\project\framework\base\CApplication.php(184): CWebApplication->processRequest()
#14 C:\wamp\www\universidad\sw\siadcar\project\index.php(13): CWebApplication->run()
REQUEST_URI=/universidad/sw/siadcar/project/rolsusuario/permissions?rol=2
in C:\wamp\www\universidad\sw\siadcar\project\index.php (13)
2016/06/16 06:08:19 [error] [exception.CHttpException.404] exception 'CHttpException' with message 'The system is unable to find the requested action "admin".' in C:\wamp\www\universidad\sw\siadcar\project\framework\web\CController.php:483
Stack trace:
#0 C:\wamp\www\universidad\sw\siadcar\project\framework\web\CController.php(270): CController->missingAction('admin')
#1 C:\wamp\www\universidad\sw\siadcar\project\framework\web\CWebApplication.php(282): CController->run('admin')
#2 C:\wamp\www\universidad\sw\siadcar\project\framework\web\CWebApplication.php(141): CWebApplication->runController('usuarios/admin')
#3 C:\wamp\www\universidad\sw\siadcar\project\framework\base\CApplication.php(184): CWebApplication->processRequest()
#4 C:\wamp\www\universidad\sw\siadcar\project\index.php(13): CApplication->run()
#5 {main}
REQUEST_URI=/universidad/sw/siadcar/project/usuarios/admin
HTTP_REFERER=http://localhost/universidad/sw/siadcar/project/
---
2016/06/20 02:12:24 [error] [exception.CHttpException.404] exception 'CHttpException' with message 'The system is unable to find the requested action "create__ajax".' in C:\wamp\www\universidad\sw\siadcar\project\framework\web\CController.php:483
Stack trace:
#0 C:\wamp\www\universidad\sw\siadcar\project\framework\web\CController.php(270): CController->missingAction('create__ajax')
#1 C:\wamp\www\universidad\sw\siadcar\project\framework\web\CWebApplication.php(282): CController->run('create__ajax')
#2 C:\wamp\www\universidad\sw\siadcar\project\framework\web\CWebApplication.php(141): CWebApplication->runController('usuarios/create...')
#3 C:\wamp\www\universidad\sw\siadcar\project\framework\base\CApplication.php(184): CWebApplication->processRequest()
#4 C:\wamp\www\universidad\sw\siadcar\project\index.php(13): CApplication->run()
#5 {main}
REQUEST_URI=/universidad/sw/siadcar/project/usuarios/create__ajax
HTTP_REFERER=http://localhost/universidad/sw/siadcar/project/usuarios/create
---
2016/06/21 05:27:08 [error] [exception.CHttpException.404] exception 'CHttpException' with message 'The system is unable to find the requested action "admin".' in C:\wamp\www\universidad\sw\siadcar\project\framework\web\CController.php:483
Stack trace:
#0 C:\wamp\www\universidad\sw\siadcar\project\framework\web\CController.php(270): CController->missingAction('admin')
#1 C:\wamp\www\universidad\sw\siadcar\project\framework\web\CWebApplication.php(282): CController->run('admin')
#2 C:\wamp\www\universidad\sw\siadcar\project\framework\web\CWebApplication.php(141): CWebApplication->runController('usuarios/admin')
#3 C:\wamp\www\universidad\sw\siadcar\project\framework\base\CApplication.php(184): CWebApplication->processRequest()
#4 C:\wamp\www\universidad\sw\siadcar\project\index.php(13): CApplication->run()
#5 {main}
REQUEST_URI=/universidad/sw/siadcar/project/usuarios/admin
HTTP_REFERER=http://localhost/universidad/sw/siadcar/project/usuarios/create
---
